[0.009s] Invoking command in '/home/mar/Документы/Robotics/mod02/ex03/build/ex03': CMAKE_PREFIX_PATH=/opt/ros/rolling /home/mar/.local/bin/cmake /home/mar/Документы/Robotics/mod02/ex03 -DCMAKE_INSTALL_PREFIX=/home/mar/Документы/Robotics/mod02/ex03/install/ex03
[0.094s] -- The C compiler identification is GNU 11.4.0
[0.136s] -- The CXX compiler identification is GNU 11.4.0
[0.148s] -- Detecting C compiler ABI info
[0.185s] -- Detecting C compiler ABI info - done
[0.192s] -- Check for working C compiler: /usr/bin/cc - skipped
[0.192s] -- Detecting C compile features
[0.193s] -- Detecting C compile features - done
[0.198s] -- Detecting CXX compiler ABI info
[0.239s] -- Detecting CXX compiler ABI info - done
[0.245s] -- Check for working CXX compiler: /usr/bin/c++ - skipped
[0.245s] -- Detecting CXX compile features
[0.246s] -- Detecting CXX compile features - done
[0.248s] -- Found ament_cmake: 2.2.2 (/opt/ros/rolling/share/ament_cmake/cmake)
[0.646s] -- Found Python3: /usr/bin/python3.10 (found version "3.10.12") found components: Interpreter 
[0.702s] -- Found ament_lint_auto: 0.15.2 (/opt/ros/rolling/share/ament_lint_auto/cmake)
[0.748s] -- Added test 'cppcheck' to perform static code analysis on C / C++ code
[0.748s] -- Configured cppcheck include dirs: 
[0.748s] -- Configured cppcheck exclude dirs and/or files: 
[0.749s] -- Added test 'lint_cmake' to check CMake code style
[0.752s] -- Added test 'uncrustify' to check C / C++ code style
[0.752s] -- Configured uncrustify additional arguments: 
[0.752s] -- Added test 'xmllint' to check XML markup files
[0.753s] CMake Error at /opt/ros/rolling/share/ament_cmake_core/cmake/core/ament_package.cmake:74 (message):
[0.753s]   ament_package() called with unused arguments: std_msgs,;rclpy,;rclcpp
[0.753s] Call Stack (most recent call first):
[0.753s]   /opt/ros/rolling/share/ament_cmake_core/cmake/core/ament_package.cmake:68 (_ament_package)
[0.753s]   CMakeLists.txt:26 (ament_package)
[0.753s] 
[0.753s] 
[0.753s] -- Configuring incomplete, errors occurred!
[0.759s] Invoked command in '/home/mar/Документы/Robotics/mod02/ex03/build/ex03' returned '1': CMAKE_PREFIX_PATH=/opt/ros/rolling /home/mar/.local/bin/cmake /home/mar/Документы/Robotics/mod02/ex03 -DCMAKE_INSTALL_PREFIX=/home/mar/Документы/Robotics/mod02/ex03/install/ex03
