[0.251s] DEBUG:colcon:Command line arguments: ['/usr/bin/colcon', 'build']
[0.252s] DEBUG:colcon:Parsed command line arguments: Namespace(log_base=None, log_level=None, verb_name='build', build_base='build', install_base='install', merge_install=False, symlink_install=False, test_result_base=None, continue_on_error=False, executor='parallel', parallel_workers=16, event_handlers=None, ignore_user_meta=False, metas=['./colcon.meta'], base_paths=['.'], packages_ignore=None, packages_ignore_regex=None, paths=None, packages_up_to=None, packages_up_to_regex=None, packages_above=None, packages_above_and_dependencies=None, packages_above_depth=None, packages_select_by_dep=None, packages_skip_by_dep=None, packages_skip_up_to=None, packages_select_build_failed=False, packages_skip_build_finished=False, packages_select_test_failures=False, packages_skip_test_passed=False, packages_select=None, packages_skip=None, packages_select_regex=None, packages_skip_regex=None, packages_start=None, packages_end=None, allow_overriding=[], cmake_args=None, cmake_target=None, cmake_target_skip_unavailable=False, cmake_clean_cache=False, cmake_clean_first=False, cmake_force_configure=False, ament_cmake_args=None, catkin_cmake_args=None, catkin_skip_building_tests=False, verb_parser=<colcon_defaults.argument_parser.defaults.DefaultArgumentsDecorator object at 0x7f89b9534b50>, verb_extension=<colcon_core.verb.build.BuildVerb object at 0x7f89b9f2a260>, main=<bound method BuildVerb.main of <colcon_core.verb.build.BuildVerb object at 0x7f89b9f2a260>>)
[0.275s] Level 1:colcon.colcon_core.package_discovery:discover_packages(colcon_meta) check parameters
[0.275s] Level 1:colcon.colcon_core.package_discovery:discover_packages(recursive) check parameters
[0.275s] Level 1:colcon.colcon_core.package_discovery:discover_packages(ignore) check parameters
[0.275s] Level 1:colcon.colcon_core.package_discovery:discover_packages(path) check parameters
[0.275s] Level 1:colcon.colcon_core.package_discovery:discover_packages(colcon_meta) discover
[0.275s] Level 1:colcon.colcon_core.package_discovery:discover_packages(recursive) discover
[0.275s] INFO:colcon.colcon_core.package_discovery:Crawling recursively for packages in '/home/mar/Документы/Robotics/mod02/ex03'
[0.275s] Level 1:colcon.colcon_core.package_identification:_identify(.) by extensions ['ignore', 'ignore_ament_install']
[0.275s] Level 1:colcon.colcon_core.package_identification:_identify(.) by extension 'ignore'
[0.276s] Level 1:colcon.colcon_core.package_identification:_identify(.) by extension 'ignore_ament_install'
[0.276s] Level 1:colcon.colcon_core.package_identification:_identify(.) by extensions ['colcon_pkg']
[0.276s] Level 1:colcon.colcon_core.package_identification:_identify(.) by extension 'colcon_pkg'
[0.276s] Level 1:colcon.colcon_core.package_identification:_identify(.) by extensions ['colcon_meta']
[0.276s] Level 1:colcon.colcon_core.package_identification:_identify(.) by extension 'colcon_meta'
[0.276s] Level 1:colcon.colcon_core.package_identification:_identify(.) by extensions ['ros']
[0.276s] Level 1:colcon.colcon_core.package_identification:_identify(.) by extension 'ros'
[0.283s] DEBUG:colcon.colcon_core.package_identification:Package '.' with type 'ros.ament_cmake' and name 'ex03'
[0.283s] Level 1:colcon.colcon_core.package_discovery:discover_packages(recursive) using defaults
[0.283s] Level 1:colcon.colcon_core.package_discovery:discover_packages(ignore) discover
[0.283s] Level 1:colcon.colcon_core.package_discovery:discover_packages(ignore) using defaults
[0.283s] Level 1:colcon.colcon_core.package_discovery:discover_packages(path) discover
[0.283s] Level 1:colcon.colcon_core.package_discovery:discover_packages(path) using defaults
[0.303s] Level 1:colcon.colcon_core.package_discovery:discover_packages(prefix_path) check parameters
[0.303s] Level 1:colcon.colcon_core.package_discovery:discover_packages(prefix_path) discover
[0.306s] DEBUG:colcon.colcon_installed_package_information.package_discovery:Found 283 installed packages in /opt/ros/rolling
[0.306s] Level 1:colcon.colcon_core.package_discovery:discover_packages(prefix_path) using defaults
[0.331s] Level 5:colcon.colcon_core.verb:set package 'ex03' build argument 'cmake_args' from command line to 'None'
[0.331s] Level 5:colcon.colcon_core.verb:set package 'ex03' build argument 'cmake_target' from command line to 'None'
[0.331s] Level 5:colcon.colcon_core.verb:set package 'ex03' build argument 'cmake_target_skip_unavailable' from command line to 'False'
[0.331s] Level 5:colcon.colcon_core.verb:set package 'ex03' build argument 'cmake_clean_cache' from command line to 'False'
[0.331s] Level 5:colcon.colcon_core.verb:set package 'ex03' build argument 'cmake_clean_first' from command line to 'False'
[0.331s] Level 5:colcon.colcon_core.verb:set package 'ex03' build argument 'cmake_force_configure' from command line to 'False'
[0.331s] Level 5:colcon.colcon_core.verb:set package 'ex03' build argument 'ament_cmake_args' from command line to 'None'
[0.331s] Level 5:colcon.colcon_core.verb:set package 'ex03' build argument 'catkin_cmake_args' from command line to 'None'
[0.331s] Level 5:colcon.colcon_core.verb:set package 'ex03' build argument 'catkin_skip_building_tests' from command line to 'False'
[0.331s] DEBUG:colcon.colcon_core.verb:Building package 'ex03' with the following arguments: {'ament_cmake_args': None, 'build_base': '/home/mar/Документы/Robotics/mod02/ex03/build/ex03', 'catkin_cmake_args': None, 'catkin_skip_building_tests': False, 'cmake_args': None, 'cmake_clean_cache': False, 'cmake_clean_first': False, 'cmake_force_configure': False, 'cmake_target': None, 'cmake_target_skip_unavailable': False, 'install_base': '/home/mar/Документы/Robotics/mod02/ex03/install/ex03', 'merge_install': False, 'path': '/home/mar/Документы/Robotics/mod02/ex03', 'symlink_install': False, 'test_result_base': None}
[0.332s] INFO:colcon.colcon_core.executor:Executing jobs using 'parallel' executor
[0.335s] DEBUG:colcon.colcon_parallel_executor.executor.parallel:run_until_complete
[0.336s] INFO:colcon.colcon_ros.task.ament_cmake.build:Building ROS package in '/home/mar/Документы/Robotics/mod02/ex03' with build type 'ament_cmake'
[0.336s] INFO:colcon.colcon_cmake.task.cmake.build:Building CMake package in '/home/mar/Документы/Robotics/mod02/ex03'
[0.340s] INFO:colcon.colcon_core.plugin_system:Skipping extension 'colcon_core.shell.bat': Not used on non-Windows systems
[0.340s] INFO:colcon.colcon_core.shell:Skip shell extension 'powershell' for command environment: Not usable outside of PowerShell
[0.340s] DEBUG:colcon.colcon_core.shell:Skip shell extension 'dsv' for command environment
[0.345s] DEBUG:colcon.colcon_core.event_handler.log_command:Invoking command in '/home/mar/Документы/Robotics/mod02/ex03/build/ex03': CMAKE_PREFIX_PATH=/opt/ros/rolling /home/mar/.local/bin/cmake /home/mar/Документы/Robotics/mod02/ex03 -DCMAKE_INSTALL_PREFIX=/home/mar/Документы/Robotics/mod02/ex03/install/ex03
[1.095s] DEBUG:colcon.colcon_core.event_handler.log_command:Invoked command in '/home/mar/Документы/Robotics/mod02/ex03/build/ex03' returned '1': CMAKE_PREFIX_PATH=/opt/ros/rolling /home/mar/.local/bin/cmake /home/mar/Документы/Robotics/mod02/ex03 -DCMAKE_INSTALL_PREFIX=/home/mar/Документы/Robotics/mod02/ex03/install/ex03
[1.114s] Level 1:colcon.colcon_core.environment:create_environment_scripts_only(ex03)
[1.123s] Level 1:colcon.colcon_core.environment:checking '/home/mar/Документы/Robotics/mod02/ex03/install/ex03' for CMake module files
[1.123s] Level 1:colcon.colcon_core.environment:checking '/home/mar/Документы/Robotics/mod02/ex03/install/ex03' for CMake config files
[1.123s] Level 1:colcon.colcon_core.environment:checking '/home/mar/Документы/Robotics/mod02/ex03/install/ex03/bin'
[1.123s] Level 1:colcon.colcon_core.environment:checking '/home/mar/Документы/Robotics/mod02/ex03/install/ex03/lib/pkgconfig/ex03.pc'
[1.123s] Level 1:colcon.colcon_core.environment:checking '/home/mar/Документы/Robotics/mod02/ex03/install/ex03/lib/python3.10/site-packages'
[1.123s] Level 1:colcon.colcon_core.environment:checking '/home/mar/Документы/Robotics/mod02/ex03/install/ex03/bin'
[1.125s] INFO:colcon.colcon_core.shell:Creating package script '/home/mar/Документы/Robotics/mod02/ex03/install/ex03/share/ex03/package.ps1'
[1.125s] INFO:colcon.colcon_core.shell:Creating package descriptor '/home/mar/Документы/Robotics/mod02/ex03/install/ex03/share/ex03/package.dsv'
[1.126s] INFO:colcon.colcon_core.shell:Creating package script '/home/mar/Документы/Robotics/mod02/ex03/install/ex03/share/ex03/package.sh'
[1.126s] INFO:colcon.colcon_core.shell:Creating package script '/home/mar/Документы/Robotics/mod02/ex03/install/ex03/share/ex03/package.bash'
[1.127s] INFO:colcon.colcon_core.shell:Creating package script '/home/mar/Документы/Robotics/mod02/ex03/install/ex03/share/ex03/package.zsh'
[1.127s] Level 1:colcon.colcon_core.environment:create_file_with_runtime_dependencies(/home/mar/Документы/Robotics/mod02/ex03/install/ex03/share/colcon-core/packages/ex03)
[1.137s] DEBUG:colcon.colcon_parallel_executor.executor.parallel:closing loop
[1.137s] DEBUG:colcon.colcon_parallel_executor.executor.parallel:loop closed
[1.137s] DEBUG:colcon.colcon_parallel_executor.executor.parallel:run_until_complete finished with '1'
[1.138s] DEBUG:colcon.colcon_core.event_reactor:joining thread
[1.145s] INFO:colcon.colcon_core.plugin_system:Skipping extension 'colcon_notification.desktop_notification.terminal_notifier': Not used on non-Darwin systems
[1.145s] INFO:colcon.colcon_core.plugin_system:Skipping extension 'colcon_notification.desktop_notification.win32': Not used on non-Windows systems
[1.145s] INFO:colcon.colcon_notification.desktop_notification:Sending desktop notification using 'notify2'
[1.205s] DEBUG:colcon.colcon_core.event_reactor:joined thread
[1.208s] INFO:colcon.colcon_core.shell:Creating prefix script '/home/mar/Документы/Robotics/mod02/ex03/install/local_setup.ps1'
[1.209s] INFO:colcon.colcon_core.shell:Creating prefix util module '/home/mar/Документы/Robotics/mod02/ex03/install/_local_setup_util_ps1.py'
[1.210s] INFO:colcon.colcon_core.shell:Creating prefix chain script '/home/mar/Документы/Robotics/mod02/ex03/install/setup.ps1'
[1.211s] INFO:colcon.colcon_core.shell:Creating prefix script '/home/mar/Документы/Robotics/mod02/ex03/install/local_setup.sh'
[1.212s] INFO:colcon.colcon_core.shell:Creating prefix util module '/home/mar/Документы/Robotics/mod02/ex03/install/_local_setup_util_sh.py'
[1.212s] INFO:colcon.colcon_core.shell:Creating prefix chain script '/home/mar/Документы/Robotics/mod02/ex03/install/setup.sh'
[1.213s] INFO:colcon.colcon_core.shell:Creating prefix script '/home/mar/Документы/Robotics/mod02/ex03/install/local_setup.bash'
[1.213s] INFO:colcon.colcon_core.shell:Creating prefix chain script '/home/mar/Документы/Robotics/mod02/ex03/install/setup.bash'
[1.214s] INFO:colcon.colcon_core.shell:Creating prefix script '/home/mar/Документы/Robotics/mod02/ex03/install/local_setup.zsh'
[1.215s] INFO:colcon.colcon_core.shell:Creating prefix chain script '/home/mar/Документы/Robotics/mod02/ex03/install/setup.zsh'
